2026-03-11 16:41:43.719 | INFO     | app.agents.base:run:123 - Executing step 1/30
2026-03-11 16:41:48.264 | INFO     | app.agents.toolcall:think:64 - 💡toolcall_agent's thoughts: 我来帮您查找关于动态规划的相关代码题目。我将使用LeetCode搜索功能来查找带有动态规划标签的题目。
2026-03-11 16:41:48.264 | INFO     | app.agents.toolcall:think:65 - 🔧toolcall_agent has selected 1 tools
2026-03-11 16:41:48.265 | INFO     | app.agents.toolcall:execute_tool:147 - Activating tool: leetcode__search_problems
2026-03-11 16:41:49.172 | INFO     | app.agents.toolcall:act:118 - 🔧Tool 'leetcode__search_problems' succeeded with result: Observed output of tool 'leetcode__search_problems': {"filters":{"tags":["dynamic-programming"]},"pagination":{"limit":20},"problems":{"hasMore":true,"total":703,"questions":[{"title":"Longest Palindromic Substring","titleCn":"最长回文子串","titleSlug":"longest-palindromic-substring","difficulty":"MEDIUM","acRate":0.4050134353267197,"topicTags":["two-pointers","string","dynamic-programming"]},{"title":"Regular Expression Matching","titleCn":"正则表达式匹配","titleSlug":"regular-expression-matching","difficulty":"HARD","acRate":0.31132964393305995,"topicTags":["recursion","string","dynamic-programming"]},{"title":"Generate Parentheses","titleCn":"括号生成","titleSlug":"generate-parentheses","difficulty":"MEDIUM","acRate":0.7910224838432101,"topicTags":["string","dynamic-programming","backtracking"]},{"title":"Longest Valid Parentheses","titleCn":"最长有效括号","titleSlug":"longest-valid-parentheses","difficulty":"HARD","acRate":0.41532211099968286,"topicTags":["stack","string","dynamic-programming"]},{"title":"Trapping Rain Water","titleCn":"接雨水","titleSlug":"trapping-rain-water","difficulty":"HARD","acRate":0.6593464950027735,"topicTags":["stack","array","two-pointers","dynamic-programming","monotonic-stack"]},{"title":"Wildcard Matching","titleCn":"通配符匹配","titleSlug":"wildcard-matching","difficulty":"HARD","acRate":0.3474833912993046,"topicTags":["greedy","recursion","string","dynamic-programming"]},{"title":"Jump Game II","titleCn":"跳跃游戏 II","titleSlug":"jump-game-ii","difficulty":"MEDIUM","acRate":0.45601439624652923,"topicTags":["greedy","array","dynamic-programming"]},{"title":"Maximum Subarray","titleCn":"最大子数组和","titleSlug":"maximum-subarray","difficulty":"MEDIUM","acRate":0.5659353098377155,"topicTags":["array","divide-and-conquer","dynamic-programming"]},{"title":"Jump Game","titleCn":"跳跃游戏","titleSlug":"jump-game","difficulty":"MEDIUM","acRate":0.44688480030308586,"topicTags":["greedy","array","dynamic-programming"]},{"title":"Unique Paths","titleCn":"不同路径","titleSlug":"unique-paths","difficulty":"MEDIUM","acRate":0.7016711273424571,"topicTags":["math","dynamic-programming","combinatorics"]},{"title":"Unique Paths II","titleCn":"不同路径 II","titleSlug":"unique-paths-ii","difficulty":"MEDIUM","acRate":0.42519439915568596,"topicTags":["array","dynamic-programming","matrix"]},{"title":"Minimum Path Sum","titleCn":"最小路径和","titleSlug":"minimum-path-sum","difficulty":"MEDIUM","acRate":0.7249807720087297,"topicTags":["array","dynamic-programming","matrix"]},{"title":"Climbing Stairs","titleCn":"爬楼梯","titleSlug":"climbing-stairs","difficulty":"EASY","acRate":0.5562940508903699,"topicTags":["memoization","math","dynamic-programming"]},{"title":"Edit Distance","titleCn":"编辑距离","titleSlug":"edit-distance","difficulty":"MEDIUM","acRate":0.6407956500963488,"topicTags":["string","dynamic-programming"]},{"title":"Maximal Rectangle","titleCn":"最大矩形","titleSlug":"maximal-rectangle","difficulty":"HARD","acRate":0.5677735169436732,"topicTags":["stack","array","dynamic-programming","matrix","monotonic-stack"]},{"title":"Scramble String","titleCn":"扰乱字符串","titleSlug":"scramble-string","difficulty":"HARD","acRate":0.47350904366303553,"topicTags":["string","dynamic-programming"]},{"title":"Decode Ways","titleCn":"解码方法","titleSlug":"decode-ways","difficulty":"MEDIUM","acRate":0.349364157546705,"topicTags":["string","dynamic-programming"]},{"title":"Unique Binary Search Trees II","titleCn":"不同的二叉搜索树 II","titleSlug":"unique-binary-search-trees-ii","difficulty":"MEDIUM","acRate":0.7466450441365354,"topicTags":["tree","binary-search-tree","dynamic-programming","backtracking","binary-tree"]},{"title":"Unique Binary Search Trees","titleCn":"不同的二叉搜索树","titleSlug":"unique-binary-search-trees","difficulty":"MEDIUM","acRate":0.714681830028928,"topicTags":["tree","binary-search-tree","math","dynamic-programming","binary-tree"]},{"title":"Interleaving String","titleCn":"交错字符串","titleSlug":"interleaving-string","difficulty":"MEDIUM","acRate":0.46724963273574216,"topicTags":["string","dynamic-programming"]}]}}
2026-03-11 16:41:49.173 | INFO     | app.agents.base:run:123 - Executing step 2/30
2026-03-11 16:42:15.762 | INFO     | app.agents.toolcall:think:64 - 💡toolcall_agent's thoughts: 我找到了很多动态规划相关的题目！让我为您整理一下搜索结果，并获取一些经典题目的详细信息。

根据搜索结果，我找到了703个动态规划相关的题目。以下是前20个题目的概览：

## 动态规划经典题目列表：

### 简单难度：
1. **爬楼梯 (Climbing Stairs)** - 通过率55.6%
   - 标签：记忆化、数学、动态规划

### 中等难度：
2. **括号生成 (Generate Parentheses)** - 通过率79.1%
   - 标签：字符串、动态规划、回溯
3. **最大子数组和 (Maximum Subarray)** - 通过率56.6%
   - 标签：数组、分治、动态规划
4. **不同路径 (Unique Paths)** - 通过率70.2%
   - 标签：数学、动态规划、组合数学
5. **不同路径 II (Unique Paths II)** - 通过率42.5%
   - 标签：数组、动态规划、矩阵
6. **最小路径和 (Minimum Path Sum)** - 通过率72.5%
   - 标签：数组、动态规划、矩阵
7. **编辑距离 (Edit Distance)** - 通过率64.1%
   - 标签：字符串、动态规划
8. **解码方法 (Decode Ways)** - 通过率34.9%
   - 标签：字符串、动态规划
9. **不同的二叉搜索树 (Unique Binary Search Trees)** - 通过率71.5%
   - 标签：树、二叉搜索树、数学、动态规划、二叉树
10. **不同的二叉搜索树 II (Unique Binary Search Trees II)** - 通过率74.7%
    - 标签：树、二叉搜索树、动态规划、回溯、二叉树
11. **交错字符串 (Interleaving String)** - 通过率46.7%
    - 标签：字符串、动态规划
12. **跳跃游戏 (Jump Game)** - 通过率44.7%
    - 标签：贪心、数组、动态规划
13. **跳跃游戏 II (Jump Game II)** - 通过率45.6%
    - 标签：贪心、数组、动态规划

### 困难难度：
14. **最长回文子串 (Longest Palindromic Substring)** - 通过率40.5%
    - 标签：双指针、字符串、动态规划
15. **正则表达式匹配 (Regular Expression Matching)** - 通过率31.1%
    - 标签：递归、字符串、动态规划
16. **最长有效括号 (Longest Valid Parentheses)** - 通过率41.5%
    - 标签：栈、字符串、动态规划
17. **接雨水 (Trapping Rain Water)** - 通过率65.9%
    - 标签：栈、数组、双指针、动态规划、单调栈
18. **通配符匹配 (Wildcard Matching)** - 通过率34.7%
    - 标签：贪心、递归、字符串、动态规划
19. **最大矩形 (Maximal Rectangle)** - 通过率56.8%
    - 标签：栈、数组、动态规划、矩阵、单调栈
20. **扰乱字符串 (Scramble String)** - 通过率47.4%
    - 标签：字符串、动态规划

## 动态规划题目分类：

### 入门级（推荐初学者）：
1. **爬楼梯** - 最简单的DP问题
2. **最大子数组和** - 经典的Kadane算法
3. **不同路径** - 网格DP基础

### 字符串DP：
1. **最长回文子串**
2. **编辑距离**
3. **解码方法**
4. **正则表达式匹配**

### 网格/矩阵DP：
1. **最小路径和**
2. **不同路径 II**
3. **最大矩形**

### 树形DP：
1. **不同的二叉搜索树**
2. **不同的二叉搜索树 II**

### 其他经典：
1. **接雨水** - 多种解法，DP是其中一种
2. **跳跃游戏**系列 - 贪心+DP

您想了解哪个具体题目的详细信息吗？或者需要我为您推荐适合特定难度或主题的动态规划题目？
2026-03-11 16:42:15.762 | INFO     | app.agents.toolcall:think:65 - 🔧toolcall_agent has selected 1 tools
2026-03-11 16:42:15.762 | INFO     | app.agents.toolcall:execute_tool:147 - Activating tool: terminate
2026-03-11 16:42:15.763 | DEBUG    | app.tools.base:success_response:101 - Created successful response for tool terminate
2026-03-11 16:42:15.763 | INFO     | app.agents.toolcall:handle_special_tools:182 - Special tool 'terminate' has completed the task!
2026-03-11 16:42:15.763 | INFO     | app.agents.toolcall:act:118 - 🔧Tool 'terminate' succeeded with result: Observed output of tool 'terminate': The interaction has been completed with status: success
