2026-03-11 20:13:21.030 | INFO     | app.agents.base:run:123 - Executing step 1/30
2026-03-11 20:13:25.439 | INFO     | app.agents.toolcall:think:64 - 💡toolcall_agent's thoughts: I'll help you find the best Teemo players in North America. To do this, I'll need to look up the champion leaderboard for Teemo in the NA region.
2026-03-11 20:13:25.440 | INFO     | app.agents.toolcall:think:65 - 🔧toolcall_agent has selected 1 tools
2026-03-11 20:13:25.440 | INFO     | app.agents.toolcall:execute_tool:147 - Activating tool: opgg-mcp__lol_list_champion_leaderboard
2026-03-11 20:13:25.748 | INFO     | app.agents.toolcall:act:118 - 🔧Tool 'opgg-mcp__lol_list_champion_leaderboard' succeeded with result: Observed output of tool 'opgg-mcp__lol_list_champion_leaderboard': class LolListChampionLeaderboard: region,champion,leaderboard
class Leaderboard: rank,summoner,most_champion_stat
class Summoner: id,summoner_id,acct_id,puuid,game_name,tagline,name,internal_name,profile_image_url,level,updated_at,league_stats,most_champions,player
class LeagueStat: game_type,tier_info,win,lose,is_hot_streak,is_fresh_blood,is_veteran,is_inactive,series,updated_at
class TierInfo: tier,division,lp,level,tier_image_url,border_image_url
class MostChampionStat: id,play,win,lose,game_length_second,kill,death,assist,gold_earned,minion_kill,neutral_minion_kill,damage_taken,damage_dealt_to_champions,double_kill,triple_kill,quadra_kill,penta_kill,vision_wards_bought_in_game,op_score,snowball_throws,snowball_hits

LolListChampionLeaderboard("NA","17",[Leaderboard(1,Summoner(76962958,"qpA6z4ji-Zk7fHxFQWsJClqXFgwkJjEPFyvrnwkNQuHuGr4","UacRk7KeFP_R3y_MQCO4CnzpPb5qa0Izjkvm2kyEpmzelrU","_zuG0Q96GhCpFMJWaMLC12INANAv05yD9EaCmxrA4Tgao8wB7t26w360avUAEjNUByg2Lv68QhRO1A","Dap","235","Dapuhh","dapuhh","https://opgg-static.akamaized.net/meta/images/profile_icons/profileIcon6733.jpg",273,"2026-03-11T20:27:11+09:00",[LeagueStat("SOLORANKED",TierInfo("MASTER",1,37,null,"https://opgg-static.akamaized.net/images/medals_new/master.png","https://opgg-static.akamaized.net/images/border_new/master.png"),251,254,false,false,false,false,null,null)],null,null),MostChampionStat(17,462,236,226,772418,2841,3532,2632,5618470,92104,1228,12219359,13563342,205,14,2,0,934,2126,null,null)),Leaderboard(2,Summoner(40678989,"eUPWtEd2imgZlDQTGXkrHbRjG3plrw0A6XkUr9obgJ8aVDQ","A9imY97kFkrsaHkhVQXINmi7Rk_UsAmRdi5aDKD3vdMncas","UUh7ynIDmefc_dY6_sHekgZlFML41Eqven84ry5NyvPWrRHmHPqSLOa8cUGCPsrUcA4Yh3qwZz5BuA","Mudkip Futa","8008","Mudkip Futa","mudkipfuta","https://opgg-static.akamaized.net/meta/images/profile_icons/profileIcon7084.jpg",693,"2026-03-11T20:27:20+09:00",[LeagueStat("SOLORANKED",TierInfo("MASTER",1,341,null,"https://opgg-static.akamaized.net/images/medals_new/master.png","https://opgg-static.akamaized.net/images/border_new/master.png"),232,227,false,false,false,false,null,null),LeagueStat("FLEXRANKED",TierInfo("IRON",2,64,null,"https://opgg-static.akamaized.net/images/medals_new/iron.png","https://opgg-static.akamaized.net/images/border_new/iron.png"),1,8,false,false,false,false,null,null)],null,null),MostChampionStat(17,426,227,199,736506,2243,1845,2392,5100323,89055,1370,9123209,10816705,120,11,0,0,320,2078,null,null)),Leaderboard(3,Summoner(82854067,"PlGsbcQkD0udRV5BfBXEFgl5ex5WF_F7lZo0Ui2bpSjmXVw","n4-PqLRpyl6mtaFTpCxohiXUa3_zZXFImNZmS2ak32RS5BM","iCnAqBS70oyZcYlvpofWKb8DncPsC8c5uEWzGrjaeI17rV-9yrCrhr01Rn34vZs-1sc37CXBtuVMCw","Infinite limit","7777","InfiniteLimit","infinitelimit","https://opgg-static.akamaized.net/meta/images/profile_icons/profileIcon642.jpg",578,"2026-03-11T14:40:33+09:00",[LeagueStat("SOLORANKED",TierInfo("DIAMOND",2,8,null,"https://opgg-static.akamaized.net/images/medals_new/diamond.png","https://opgg-static.akamaized.net/images/border_new/diamond.png"),207,210,false,false,false,false,null,null)],null,null),MostChampionStat(17,360,185,175,642796,1889,2334,2659,4222109,69392,1875,9457246,9943764,104,7,1,0,464,1695,null,null)),Leaderboard(4,Summoner(73269392,"CHqp462-YMH30mNizpbQjJXx4bxXuaT7pZR7_UFEg3qVWMk","UKOyTfmQxwbYRkRwDljqUnWj5_NvNRNrFXRc5hfDgzzDFTA","FduMIJNl7zdU2e0KeAzsHVBTzBqBE-YPEnHKgsdkcve70pHVOfPBQ9exImsOn0HZMSOP1adS6MsK3g","Teemore","NA1","Teemore","teemore","https://opgg-static.akamaized.net/meta/images/profile_icons/profileIcon642.jpg",1563,"2026-03-11T15:14:56+09:00",[LeagueStat("SOLORANKED",TierInfo("MASTER",1,24,null,"https://opgg-static.akamaized.net/images/medals_new/master.png","https://opgg-static.akamaized.net/images/border_new/master.png"),163,155,false,true,false,false,null,null)],null,null),MostChampionStat(17,308,159,149,555644,1618,1840,1937,3729048,64433,1202,7774434,9179768,74,9,2,0,11,1423,null,null)),Leaderboard(5,Summoner(50603809,"EQeWL2VN0ACpqB_Q21ntn_Yu_IvBYWuLW37Fpco3vvLI5fs","8pwaBD_LShJa5nXc95Rut3aDY4muk51V4FNivRmU4zxKB6E","wKMk3yUnjVZdGL_s8sJeqiPgvaetzRyUCKyskBz5YmYWsY4Lq9KLZCZ1APUL3FCHQ3YCBjo3ztokww","Ty G","Teemo","eepy idiot","eepyidiot","https://opgg-static.akamaized.net/meta/images/profile_icons/profileIcon23.jpg",1383,"2026-03-11T20:25:56+09:00",[LeagueStat("SOLORANKED",TierInfo("DIAMOND",1,75,null,"https://opgg-static.akamaized.net/images/medals_new/diamond.png","https://opgg-static.akamaized.net/images/border_new/diamond.png"),171,159,true,false,false,false,null,null)],null,null),MostChampionStat(17,278,153,125,469153,1327,1215,1371,3309285,61672,1841,5710962,7404476,93,11,2,1,1,1351,null,null)),Leaderboard(6,Summoner(99740415,"-VvdTtDSpVbvEfPm85jR8pLC0SzYA2BfnuDjIeEAS9r7bVE","V4jftGFEUFwTmIZabfiU5X7_IbnbCQ0UdM0SKFvVxammYPJiAL-fR4Tp","W3tksAHbc6bHRIlmRqrHb2oMl-9a0pj-pHOmh17tHZ7aJsaj1fTnfIWr0SRPsdVfLtunzpcCZawROQ","liberal teemo","TRUMP","xxxryzetacion","xxxryzetacion","https://opgg-static.akamaized.net/meta/images/profile_icons/profileIcon5367.jpg",389,"2026-03-09T15:34:11+09:00",[LeagueStat("SOLORANKED",TierInfo("MASTER",1,411,null,"https://opgg-static.akamaized.net/images/medals_new/master.png","https://opgg-static.akamaized.net/images/border_new/master.png"),149,144,false,false,false,false,null,null)],null,null),MostChampionStat(17,267,137,130,453246,1785,1978,1380,3419269,57389,2289,7423600,8688491,100,10,3,0,252,1289,null,null)),Leaderboard(7,Summoner(19760826,"Z0yb9zo801gSI6RvcbqbsiGLfo8At-8lSKjrRoApTH1uEI0","m3AkvnD8XEsAVNTISpyiQ-05dVNU7xsg09ComoYHinSXtQ","nmuQwLqX1IPhuK-b18UL6b7TGo89UBDGrAd5D0mErFP0IgrE5aKZcyqVGmJ2ZOVSLGOIZ7B6_ZvPfw","XNotloc","Live","XNotloc","xnotloc","https://opgg-static.akamaized.net/meta/images/profile_icons/profileIcon749.jpg",678,"2026-03-11T11:15:12+09:00",[LeagueStat("SOLORANKED",TierInfo("MASTER",1,68,null,"https://opgg-static.akamaized.net/images/medals_new/master.png","https://opgg-static.akamaized.net/images/border_new/master.png"),141,133,false,true,false,false,null,null),LeagueStat("FLEXRANKED",TierInfo("EMERALD",1,20,null,"https://opgg-static.akamaized.net/images/medals_new/emerald.png","https://opgg-static.akamaized.net/images/border_new/emerald.png"),5,8,false,false,false,false,null,null)],null,null),MostChampionStat(17,255,136,119,472981,1498,1489,2267,3422989,16020,42861,6177028,7877284,130,11,0,0,273,1370,null,null)),Leaderboard(8,Summoner(81319857,"v0SQjihvZNwC645_cPkyu0WVwBkPB0AcPCiYDLy4d4KHwFY","weM6fFjkRRViWRuHpm8djDK82lDrZX3qe6-4hMcKcznNKCM","zvJupg1sdPTNpCNf2Gfsc9O3KqwfE8gYuaGAd3j3d4sRugXyXVuECy7P_Xyzz69yzwz44QowHe5TfQ","Willis","1337","Willis1414","willis1414","https://opgg-static.akamaized.net/meta/images/profile_icons/profileIcon4660.jpg",1129,"2026-03-09T04:32:45+09:00",[LeagueStat("SOLORANKED",TierInfo("MASTER",1,359,null,"https://opgg-static.akamaized.net/images/medals_new/master.png","https://opgg-static.akamaized.net/images/border_new/master.png"),111,117,false,false,false,false,null,null),LeagueStat("FLEXRANKED",TierInfo("DIAMOND",1,12,null,"https://opgg-static.akamaized.net/images/medals_new/diamond.png","https://opgg-static.akamaized.net/images/border_new/diamond.png"),13,15,false,false,false,false,null,null)],null,null),MostChampionStat(17,250,121,129,435263,1186,1319,1234,2983127,54747,1730,5743396,6920940,78,9,1,0,6,1119,null,null)),Leaderboard(9,Summoner(37567701,"3kYHBNYIoGvt7TrLTj_loQdPoNRPOem4RTwceZGzaKGMlHw","Qbh7QBzaK0KeOzSP2lVYDFNVu5in_t5urfG0ssBaoEMO8_U","NMJw4HH3CtqOeUMaUhwwjrDVvuqHV9ZryxsTOKBci0U670vIUZ2ZzVGjrRQq1NsN9Q8fneMywnHvMw","Rnb playlist","trak1","Rnb playlist","rnbplaylist","https://opgg-static.akamaized.net/meta/images/profile_icons/profileIcon5938.jpg",1049,"2026-03-11T19:04:54+09:00",[LeagueStat("SOLORANKED",TierInfo("MASTER",1,33,null,"https://opgg-static.akamaized.net/images/medals_new/master.png","https://opgg-static.akamaized.net/images/border_new/master.png"),163,151,true,true,false,false,null,null),LeagueStat("FLEXRANKED",TierInfo("PLATINUM",3,51,null,"https://opgg-static.akamaized.net/images/medals_new/platinum.png","https://opgg-static.akamaized.net/images/border_new/platinum.png"),6,6,false,false,false,false,null,null)],null,null),MostChampionStat(17,227,125,102,413749,1399,1360,1994,2963114,8665,37407,6006163,6173848,114,4,0,0,924,1257,null,null)),Leaderboard(10,Summoner(74520209,"dcEMRovTyGyHOTnj_BC_wvvazDIiupm6MHnT9O99UjP6czU","HCP7O1tktNCV0ZverUZST1n1jvhTsyAblRhs36KVjMWl1UE","JQoImNC65rRC6Uap62Q_qawiCsnp5riDM7JWSvbaghYkBZz6HWsa1AgAuQHppqCZxBP9M_trrRuQfw","FilipinoRican","TEEMO","Divided By ZERO","dividedbyzero","https://opgg-static.akamaized.net/meta/images/profile_icons/profileIcon6939.jpg",1065,"2026-03-10T10:50:12+09:00",[LeagueStat("SOLORANKED",TierInfo("MASTER",1,226,null,"https://opgg-static.akamaized.net/images/medals_new/master.png","https://opgg-static.akamaized.net/images/border_new/master.png"),115,90,false,false,false,false,null,null),LeagueStat("FLEXRANKED",TierInfo("MASTER",1,297,null,"https://opgg-static.akamaized.net/images/medals_new/master.png","https://opgg-static.akamaized.net/images/border_new/master.png"),61,23,false,false,false,false,null,null)],null,null),MostChampionStat(17,225,132,93,395052,912,1247,1520,2677141,11982,33872,5040632,4831431,66,5,1,0,549,1004,null,null))])
2026-03-11 20:13:25.749 | INFO     | app.agents.base:run:123 - Executing step 2/30
2026-03-11 20:13:52.996 | INFO     | app.agents.toolcall:think:64 - 💡toolcall_agent's thoughts: Based on the champion leaderboard data for Teemo in North America, here are the top Teemo players:

## Top 10 Teemo Players in NA:

1. **Dap** (Rank #1)
   - Riot ID: Dap#235
   - Rank: Master 37 LP
   - Teemo Stats: 462 games, 236 wins (51.1% win rate)
   - KDA: 2,841 kills / 3,532 deaths / 2,632 assists

2. **Mudkip Futa** (Rank #2)
   - Riot ID: Mudkip Futa#8008
   - Rank: Master 341 LP
   - Teemo Stats: 426 games, 227 wins (53.3% win rate)
   - KDA: 2,243 kills / 1,845 deaths / 2,392 assists

3. **Infinite limit** (Rank #3)
   - Riot ID: Infinite limit#7777
   - Rank: Diamond 2 (8 LP)
   - Teemo Stats: 360 games, 185 wins (51.4% win rate)
   - KDA: 1,889 kills / 2,334 deaths / 2,659 assists

4. **Teemore** (Rank #4)
   - Riot ID: Teemore#NA1
   - Rank: Master 24 LP
   - Teemo Stats: 308 games, 159 wins (51.6% win rate)
   - KDA: 1,618 kills / 1,840 deaths / 1,937 assists

5. **Ty G** (Rank #5)
   - Riot ID: Ty G#Teemo
   - Rank: Diamond 1 (75 LP)
   - Teemo Stats: 278 games, 153 wins (55.0% win rate)
   - KDA: 1,327 kills / 1,215 deaths / 1,371 assists

6. **liberal teemo** (Rank #6)
   - Riot ID: liberal teemo#TRUMP
   - Rank: Master 411 LP
   - Teemo Stats: 267 games, 137 wins (51.3% win rate)
   - KDA: 1,785 kills / 1,978 deaths / 1,380 assists

7. **XNotloc** (Rank #7)
   - Riot ID: XNotloc#Live
   - Rank: Master 68 LP
   - Teemo Stats: 255 games, 136 wins (53.3% win rate)
   - KDA: 1,498 kills / 1,489 deaths / 2,267 assists

8. **Willis** (Rank #8)
   - Riot ID: Willis#1337
   - Rank: Master 359 LP
   - Teemo Stats: 250 games, 121 wins (48.4% win rate)
   - KDA: 1,186 kills / 1,319 deaths / 1,234 assists

9. **Rnb playlist** (Rank #9)
   - Riot ID: Rnb playlist#trak1
   - Rank: Master 33 LP
   - Teemo Stats: 227 games, 125 wins (55.1% win rate)
   - KDA: 1,399 kills / 1,360 deaths / 1,994 assists

10. **FilipinoRican** (Rank #10)
    - Riot ID: FilipinoRican#TEEMO
    - Rank: Master 226 LP
    - Teemo Stats: 225 games, 132 wins (58.7% win rate)
    - KDA: 912 kills / 1,247 deaths / 1,520 assists

## Analysis:
- **Highest Ranked**: Mudkip Futa at Master 341 LP (Rank #2)
- **Best Win Rate**: FilipinoRican with 58.7% win rate over 225 games (Rank #10)
- **Most Experienced**: Dap with 462 Teemo games (Rank #1)
- **Most Kills**: Dap with 2,841 kills on Teemo

The "best" Teemo player depends on what metric you value most - highest rank, win rate, or experience. Mudkip Futa has the highest LP among Master players, while FilipinoRican has the best win rate.
2026-03-11 20:13:52.996 | INFO     | app.agents.toolcall:think:65 - 🔧toolcall_agent has selected 1 tools
2026-03-11 20:13:52.997 | INFO     | app.agents.toolcall:execute_tool:147 - Activating tool: terminate
2026-03-11 20:13:52.997 | DEBUG    | app.tools.base:success_response:101 - Created successful response for tool terminate
2026-03-11 20:13:52.997 | INFO     | app.agents.toolcall:handle_special_tools:182 - Special tool 'terminate' has completed the task!
2026-03-11 20:13:52.997 | INFO     | app.agents.toolcall:act:118 - 🔧Tool 'terminate' succeeded with result: Observed output of tool 'terminate': The interaction has been completed with status: success
