2026-02-11 23:15:24.442 | INFO     | app.agents.base:run:123 - Executing step 1/30
2026-02-11 23:15:27.637 | INFO     | app.agents.toolcall:think:64 - 💡builtin_toolcall_agent's thoughts: I'll get the weather for both Beijing and Shenzhen for you.
2026-02-11 23:15:27.637 | INFO     | app.agents.toolcall:think:65 - 🔧builtin_toolcall_agent has selected 2 tools
2026-02-11 23:15:27.638 | INFO     | app.agents.toolcall:execute_tool:147 - Activating tool: getweather
2026-02-11 23:15:27.799 | DEBUG    | app.tools.base:success_response:101 - Created successful response for tool getweather
2026-02-11 23:15:27.800 | INFO     | app.agents.toolcall:act:118 - 🔧Tool 'getweather' succeeded with result: Observed output of tool 'getweather': {
  "city": "北京",
  "description": "晴",
  "temperature": "1"
}
2026-02-11 23:15:27.800 | INFO     | app.agents.toolcall:execute_tool:147 - Activating tool: getweather
2026-02-11 23:15:27.958 | DEBUG    | app.tools.base:success_response:101 - Created successful response for tool getweather
2026-02-11 23:15:27.958 | INFO     | app.agents.toolcall:act:118 - 🔧Tool 'getweather' succeeded with result: Observed output of tool 'getweather': {
  "city": "深圳",
  "description": "多云",
  "temperature": "19"
}
2026-02-11 23:15:27.958 | INFO     | app.agents.base:run:123 - Executing step 2/30
2026-02-11 23:15:31.714 | INFO     | app.agents.toolcall:think:64 - 💡builtin_toolcall_agent's thoughts: Based on the weather data I retrieved:

**Beijing (北京):**
- Weather: Sunny (晴)
- Temperature: 1°C

**Shenzhen (深圳):**
- Weather: Cloudy (多云) 
- Temperature: 19°C

The task is complete - I've successfully retrieved and provided the current weather information for both Beijing and Shenzhen as requested.
2026-02-11 23:15:31.715 | INFO     | app.agents.toolcall:think:65 - 🔧builtin_toolcall_agent has selected 1 tools
2026-02-11 23:15:31.716 | INFO     | app.agents.toolcall:execute_tool:147 - Activating tool: terminate
2026-02-11 23:15:31.716 | DEBUG    | app.tools.base:success_response:101 - Created successful response for tool terminate
2026-02-11 23:15:31.716 | INFO     | app.agents.toolcall:handle_special_tools:182 - Special tool 'terminate' has completed the task!
2026-02-11 23:15:31.717 | INFO     | app.agents.toolcall:act:118 - 🔧Tool 'terminate' succeeded with result: Observed output of tool 'terminate': The interaction has been completed with status: success
