2026-02-13 16:02:32.001 | INFO     | app.agents.base:run:123 - Executing step 1/30
2026-02-13 16:02:35.179 | INFO     | app.agents.toolcall:think:64 - 💡skills_agent's thoughts: 我来帮您去除这句话中的AI生成痕迹。首先加载相关的技能。
2026-02-13 16:02:35.179 | INFO     | app.agents.toolcall:think:65 - 🔧skills_agent has selected 1 tools
2026-02-13 16:02:35.180 | INFO     | app.agents.toolcall:execute_tool:147 - Activating tool: load_skill
2026-02-13 16:02:35.181 | DEBUG    | app.tools.base:success_response:101 - Created successful response for tool load_skill
2026-02-13 16:02:35.181 | INFO     | app.agents.toolcall:act:118 - 🔧Tool 'load_skill' succeeded with result: Observed output of tool 'load_skill': # Skill: humanizer-zh

## Instructions:

name: humanizer-zh
description: |
  去除文本中的 AI 生成痕迹。适用于编辑或审阅文本，使其听起来更自然、更像人类书写。
  基于维基百科的"AI 写作特征"综合指南。检测并修复以下模式：夸大的象征意义、
  宣传性语言、以 -ing 结尾的肤浅分析、模糊的归因、破折号过度使用、三段式法则、
  AI 词汇、否定式排比、过多的连接性短语。
allowed-tools:
  - Read
  - Write
  - Edit
  - AskUserQuestion
metadata:
  trigger: 编辑或审阅文本，去除 AI 写作痕迹
  source: 翻译自 blader/humanizer，参考 hardikpandya/stop-slop

## Skill Path Information:
- Skill Directory: /Users/jimmmmmies/Desktop/Coding/Py/SkillsFramework/skills/humanizer-zh
- Scripts Directory: No scripts directory

** Important**: When script directory exists, running scripts through absolute paths like:
```bash
uv run -m /Users/jimmmmmies/Desktop/Coding/Py/SkillsFramework/skills/humanizer-zh/scripts.script_name [args]
``` 


2026-02-13 16:02:35.181 | INFO     | app.agents.base:run:123 - Executing step 2/30
2026-02-13 16:02:47.561 | INFO     | app.agents.toolcall:think:64 - 💡skills_agent's thoughts: 根据加载的技能说明，我需要分析并去除文本中的AI生成痕迹。让我分析一下您提供的这句话：

"擎天是变形金刚》汽车人的领袖，勇敢、富有同情心、带领同伴对抗霸天虎，守护宇宙和平。"

让我分析其中的AI特征：

1. **宣传性语言**："守护宇宙和平" - 这是典型的宏大叙事和宣传性语言
2. **夸大的象征意义**："守护宇宙和平" 过于宏大
3. **AI词汇模式**：使用了"勇敢、富有同情心"这种并列形容词结构
4. **三段式法则**：领袖特质 + 对抗敌人 + 守护和平的结构

让我为您重新改写，使其更自然：

**改写版本：**
"擎天是《变形金刚》里汽车人的领袖。他既勇敢又富有同情心，带领着同伴们对抗霸天虎，为维护宇宙的和平而战。"

**改写说明：**
1. 修正了书名号的位置：《变形金刚》
2. 将"守护宇宙和平"改为"为维护宇宙的和平而战"，减少了宣传性语气
3. 添加了"既...又..."的自然连接词
4. 使用了"带领着同伴们"这样更口语化的表达
5. 保持了原意但让语言更自然流畅

这样改写后的文本听起来更像人类书写的描述，减少了AI生成的痕迹。
2026-02-13 16:02:47.562 | INFO     | app.agents.toolcall:think:65 - 🔧skills_agent has selected 1 tools
2026-02-13 16:02:47.562 | INFO     | app.agents.toolcall:execute_tool:147 - Activating tool: terminate
2026-02-13 16:02:47.562 | DEBUG    | app.tools.base:success_response:101 - Created successful response for tool terminate
2026-02-13 16:02:47.563 | INFO     | app.agents.toolcall:handle_special_tools:182 - Special tool 'terminate' has completed the task!
2026-02-13 16:02:47.563 | INFO     | app.agents.toolcall:act:118 - 🔧Tool 'terminate' succeeded with result: Observed output of tool 'terminate': The interaction has been completed with status: success
